#
# There is insufficient memory for the Java Runtime Environment to continue.
# Native memory allocation (malloc) failed to allocate 1048576 bytes for AllocateHeap
# Possible reasons:
#   The system is out of physical RAM or swap space
#   The process is running with CompressedOops enabled, and the Java Heap may be blocking the growth of the native heap
# Possible solutions:
#   Reduce memory load on the system
#   Increase physical memory or swap space
#   Check if swap backing store is full
#   Decrease Java heap size (-Xmx/-Xms)
#   Decrease number of Java threads
#   Decrease Java thread stack sizes (-Xss)
#   Set larger code cache with -XX:ReservedCodeCacheSize=
#   JVM is running with Unscaled Compressed Oops mode in which the Java heap is
#     placed in the first 4GB address space. The Java Heap base address is the
#     maximum limit for the native heap growth. Please use -XX:HeapBaseMinAddress
#     to set the Java Heap base and to place the Java Heap above 4GB virtual address.
# This output file may be truncated or incomplete.
#
#  Out of Memory Error (allocation.cpp:44), pid=24100, tid=23120
#
# JRE version:  (17.0.3+7) (build )
# Java VM: OpenJDK 64-Bit Server VM (17.0.3+7-LTS, mixed mode, sharing, tiered, compressed oops, compressed class ptrs, g1 gc, windows-amd64)
# No core dump will be written. Minidumps are not enabled by default on client versions of Windows
#

---------------  S U M M A R Y ------------

Command Line: -Dfile.encoding=UTF-8 -XX:+ShowCodeDetailsInExceptionMessages console.Start

Host: Intel(R) Core(TM) i3-2120 CPU @ 3.30GHz, 4 cores, 7G,  Windows 10 , 64 bit Build 19041 (10.0.19041.3155)
Time: Thu Aug 17 13:58:42 2023 Hora oficial do Brasil elapsed time: 0.054678 seconds (0d 0h 0m 0s)

---------------  T H R E A D  ---------------

Current thread (0x0000026f06faa7e0):  JavaThread "Unknown thread" [_thread_in_vm, id=23120, stack(0x000000eb1fd00000,0x000000eb1fe00000)]

Stack: [0x000000eb1fd00000,0x000000eb1fe00000]
Native frames: (J=compiled Java code, j=interpreted, Vv=VM code, C=native code)
V  [jvm.dll+0x67aeca]
V  [jvm.dll+0x836504]
V  [jvm.dll+0x837cae]
V  [jvm.dll+0x838313]
V  [jvm.dll+0x248cc5]
V  [jvm.dll+0xa6533]
V  [jvm.dll+0x2e7a97]
V  [jvm.dll+0x2df96b]
V  [jvm.dll+0x807d41]
V  [jvm.dll+0x36d3e1]
V  [jvm.dll+0x7e70ac]
V  [jvm.dll+0x3f025f]
V  [jvm.dll+0x3f1de1]
C  [jli.dll+0x527b]
C  [ucrtbase.dll+0x21bb2]
C  [KERNEL32.DLL+0x17614]
C  [ntdll.dll+0x526b1]


---------------  P R O C E S S  ---------------

Threads class SMR info:
_java_thread_list=0x00007ffb73365f58, length=0, elements={
}

Java Threads: ( => current thread )

Other Threads:
  0x0000026f070041c0 GCTaskThread "GC Thread#0" [stack: 0x000000eb1fe00000,0x000000eb1ff00000] [id=23532]

[error occurred during error reporting (printing all threads), id 0xc0000005, EXCEPTION_ACCESS_VIOLATION (0xc0000005) at pc=0x00007ffb72b1c9e0]

VM state: not at safepoint (not fully initialized)

VM Mutex/Monitor currently owned by a thread:  ([mutex/lock_event])
[0x0000026f06fa6000] Heap_lock - owner thread: 0x0000026f06faa7e0

Heap address: 0x0000000084a00000, size: 1974 MB, Compressed Oops mode: 32-bit

CDS archive(s) mapped at: [0x0000000000000000-0x0000000000000000-0x0000000000000000), size 0, SharedBaseAddress: 0x0000000800000000, ArchiveRelocationMode: 0.
Narrow klass base: 0x0000000000000000, Narrow klass shift: 0, Narrow klass range: 0x0

GC Precious Log:
<Empty>

Heap:
 garbage-first heap   total 0K, used 0K [0x0000000084a00000, 0x0000000100000000)
  region size 1024K, 0 young (0K), 0 survivors (0K)

[error occurred during error reporting (printing heap information), id 0xc0000005, EXCEPTION_ACCESS_VIOLATION (0xc0000005) at pc=0x00007ffb72f04319]

GC Heap History (0 events):
No events

Deoptimization events (0 events):
No events

Classes unloaded (0 events):
No events

Classes redefined (0 events):
No events

Internal exceptions (0 events):
No events

VM Operations (0 events):
No events

Events (1 events):
Event: 0.038 Loaded shared library C:\Program Files\Java\zulu17.34.19-ca-jdk17.0.3-win_x64\bin\java.dll


Dynamic libraries:
0x00007ff6047b0000 - 0x00007ff6047be000 	C:\Program Files\Java\zulu17.34.19-ca-jdk17.0.3-win_x64\bin\javaw.exe
0x00007ffbac4f0000 - 0x00007ffbac6e8000 	C:\WINDOWS\SYSTEM32\ntdll.dll
0x00007ffbac3f0000 - 0x00007ffbac4af000 	C:\WINDOWS\System32\KERNEL32.DLL
0x00007ffba9f70000 - 0x00007ffbaa266000 	C:\WINDOWS\System32\KERNELBASE.dll
0x00007ffbaa2a0000 - 0x00007ffbaa3a0000 	C:\WINDOWS\System32\ucrtbase.dll
0x00007ffb98b30000 - 0x00007ffb98b48000 	C:\Program Files\Java\zulu17.34.19-ca-jdk17.0.3-win_x64\bin\jli.dll
0x00007ffbaa750000 - 0x00007ffbaa8ed000 	C:\WINDOWS\System32\USER32.dll
0x00007ffbaa270000 - 0x00007ffbaa292000 	C:\WINDOWS\System32\win32u.dll
0x00007ffbaa5f0000 - 0x00007ffbaa61c000 	C:\WINDOWS\System32\GDI32.dll
0x00007ffba9bd0000 - 0x00007ffba9ce5000 	C:\WINDOWS\System32\gdi32full.dll
0x00007ffba9d60000 - 0x00007ffba9dfd000 	C:\WINDOWS\System32\msvcp_win.dll
0x00007ffb98b10000 - 0x00007ffb98b2b000 	C:\Program Files\Java\zulu17.34.19-ca-jdk17.0.3-win_x64\bin\VCRUNTIME140.dll
0x00007ffb966b0000 - 0x00007ffb9694a000 	C:\WINDOWS\WinSxS\amd64_microsoft.windows.common-controls_6595b64144ccf1df_6.0.19041.1110_none_60b5254171f9507e\COMCTL32.dll
0x00007ffbaa550000 - 0x00007ffbaa5ee000 	C:\WINDOWS\System32\msvcrt.dll
0x00007ffbac200000 - 0x00007ffbac230000 	C:\WINDOWS\System32\IMM32.DLL
0x00007ffb9b180000 - 0x00007ffb9b18c000 	C:\Program Files\Java\zulu17.34.19-ca-jdk17.0.3-win_x64\bin\vcruntime140_1.dll
0x00007ffb8d490000 - 0x00007ffb8d51d000 	C:\Program Files\Java\zulu17.34.19-ca-jdk17.0.3-win_x64\bin\msvcp140.dll
0x00007ffb72830000 - 0x00007ffb73498000 	C:\Program Files\Java\zulu17.34.19-ca-jdk17.0.3-win_x64\bin\server\jvm.dll
0x00007ffbaa8f0000 - 0x00007ffbaa99f000 	C:\WINDOWS\System32\ADVAPI32.dll
0x00007ffbac2a0000 - 0x00007ffbac33c000 	C:\WINDOWS\System32\sechost.dll
0x00007ffbab6f0000 - 0x00007ffbab816000 	C:\WINDOWS\System32\RPCRT4.dll
0x00007ffbab8f0000 - 0x00007ffbab8f8000 	C:\WINDOWS\System32\PSAPI.DLL
0x00007ffb95350000 - 0x00007ffb95359000 	C:\WINDOWS\SYSTEM32\WSOCK32.dll
0x00007ffbac230000 - 0x00007ffbac29b000 	C:\WINDOWS\System32\WS2_32.dll
0x00007ffb93440000 - 0x00007ffb93467000 	C:\WINDOWS\SYSTEM32\WINMM.dll
0x00007ffba49c0000 - 0x00007ffba49ca000 	C:\WINDOWS\SYSTEM32\VERSION.dll
0x00007ffba7aa0000 - 0x00007ffba7ab2000 	C:\WINDOWS\SYSTEM32\kernel.appcore.dll
0x00007ffba5650000 - 0x00007ffba565a000 	C:\Program Files\Java\zulu17.34.19-ca-jdk17.0.3-win_x64\bin\jimage.dll
0x00007ffb99e20000 - 0x00007ffb9a004000 	C:\WINDOWS\SYSTEM32\DBGHELP.DLL
0x00007ffb99a20000 - 0x00007ffb99a54000 	C:\WINDOWS\SYSTEM32\dbgcore.DLL
0x00007ffba9e00000 - 0x00007ffba9e82000 	C:\WINDOWS\System32\bcryptPrimitives.dll
0x00007ffb9bd60000 - 0x00007ffb9bd85000 	C:\Program Files\Java\zulu17.34.19-ca-jdk17.0.3-win_x64\bin\java.dll

dbghelp: loaded successfully - version: 4.0.5 - missing functions: none
symbol engine: initialized successfully - sym options: 0x614 - pdb path: .;C:\Program Files\Java\zulu17.34.19-ca-jdk17.0.3-win_x64\bin;C:\WINDOWS\SYSTEM32;C:\WINDOWS\WinSxS\amd64_microsoft.windows.common-controls_6595b64144ccf1df_6.0.19041.1110_none_60b5254171f9507e;C:\Program Files\Java\zulu17.34.19-ca-jdk17.0.3-win_x64\bin\server

VM Arguments:
jvm_args: -Dfile.encoding=UTF-8 -XX:+ShowCodeDetailsInExceptionMessages 
java_command: console.Start
java_class_path (initial): D:\Cursos\DIO\Java_GFT_AWS\Projetos\PrimeiroProjetoPratico\Desafio_OO_Java\bin
Launcher Type: SUN_STANDARD

[Global flags]
     intx CICompilerCount                          = 3                                         {product} {ergonomic}
     uint ConcGCThreads                            = 1                                         {product} {ergonomic}
     uint G1ConcRefinementThreads                  = 4                                         {product} {ergonomic}
   size_t G1HeapRegionSize                         = 1048576                                   {product} {ergonomic}
    uintx GCDrainStackTargetSize                   = 64                                        {product} {ergonomic}
   size_t InitialHeapSize                          = 130023424                                 {product} {ergonomic}
   size_t MarkStackSize                            = 4194304                                   {product} {ergonomic}
   size_t MaxHeapSize                              = 2069889024                                {product} {ergonomic}
   size_t MinHeapDeltaBytes                        = 1048576                                   {product} {ergonomic}
   size_t MinHeapSize                              = 8388608                                   {product} {ergonomic}
    uintx NonNMethodCodeHeapSize                   = 5832780                                {pd product} {ergonomic}
    uintx NonProfiledCodeHeapSize                  = 122912730                              {pd product} {ergonomic}
    uintx ProfiledCodeHeapSize                     = 122912730                              {pd product} {ergonomic}
    uintx ReservedCodeCacheSize                    = 251658240                              {pd product} {ergonomic}
     bool SegmentedCodeCache                       = true                                      {product} {ergonomic}
     bool ShowCodeDetailsInExceptionMessages       = true                                   {manageable} {command line}
   size_t SoftMaxHeapSize                          = 2069889024                             {manageable} {ergonomic}
     bool UseCompressedClassPointers               = true                           {product lp64_product} {ergonomic}
     bool UseCompressedOops                        = true                           {product lp64_product} {ergonomic}
     bool UseG1GC                                  = true                                      {product} {ergonomic}
     bool UseLargePagesIndividualAllocation        = false                                  {pd product} {ergonomic}

Logging:
Log output configuration:
 #0: stdout all=warning uptime,level,tags
 #1: stderr all=off uptime,level,tags

Environment Variables:
JAVA_HOME=C:\Program Files\Java\zulu17.34.19-ca-jdk17.0.3-win_x64
PATH=C:/Program Files/Java/zulu17.34.19-ca-jdk17.0.3-win_x64/bin/server;C:/Program Files/Java/zulu17.34.19-ca-jdk17.0.3-win_x64/bin;C:\Python310\Scripts\;C:\Python310\;C:\Program Files\Java\zulu17.34.19-ca-jdk17.0.3-win_x64\bin;C:\WINDOWS\system32;C:\WINDOWS;C:\WINDOWS\System32\Wbem;C:\WINDOWS\System32\WindowsPowerShell\v1.0\;C:\WINDOWS\System32\OpenSSH\;C:\Program Files\nodejs\;C:\ProgramData\chocolatey\bin;C:\Program Files\Microsoft VS Code\bin;C:\Program Files\Git\cmd;C:\Program Files\dotnet\;C:\Program Files\MySQL\MySQL Shell 8.0\bin\;C:\Users\eliss\AppData\Local\Microsoft\WindowsApps;C:\Program Files\heroku\bin;C:\Users\eliss\AppData\Roaming\npm;;C:\WINDOWS\system32;
USERNAME=eliss
OS=Windows_NT
PROCESSOR_IDENTIFIER=Intel64 Family 6 Model 42 Stepping 7, GenuineIntel



---------------  S Y S T E M  ---------------

OS:
 Windows 10 , 64 bit Build 19041 (10.0.19041.3155)
OS uptime: 11 days 15:35 hours

CPU: total 4 (initial active 4) (2 cores per cpu, 2 threads per core) family 6 model 42 stepping 7 microcode 0x2f, cx8, cmov, fxsr, ht, mmx, sse, sse2, sse3, ssse3, sse4.1, sse4.2, popcnt, tsc, tscinvbit, avx, clmul, vzeroupper, clflush

Memory: 4k page, system-wide physical 7894M (2088M free)
TotalPageFile size 19207M (AvailPageFile size 5M)
current process WorkingSet (physical memory assigned to process): 10M, peak: 10M
current process commit charge ("private bytes"): 48M, peak: 49M

vm_info: OpenJDK 64-Bit Server VM (17.0.3+7-LTS) for windows-amd64 JRE (17.0.3+7-LTS) (Zulu17.34+19-CA), built on Apr 17 2022 09:18:41 by "zulu_re" with MS VC++ 16.10 / 16.11 (VS2019)

END.
